0 info it worked if it ends with ok
1 verbose cli [ 'node', '/usr/local/bin/npm', 'install', '-g', 'ios-sim' ]
2 info using npm@1.4.3
3 info using node@v0.10.26
4 verbose cache add [ 'ios-sim', null ]
5 verbose cache add name=undefined spec="ios-sim" args=["ios-sim",null]
6 verbose parsed url { protocol: null,
6 verbose parsed url   slashes: null,
6 verbose parsed url   auth: null,
6 verbose parsed url   host: null,
6 verbose parsed url   port: null,
6 verbose parsed url   hostname: null,
6 verbose parsed url   hash: null,
6 verbose parsed url   search: null,
6 verbose parsed url   query: null,
6 verbose parsed url   pathname: 'ios-sim',
6 verbose parsed url   path: 'ios-sim',
6 verbose parsed url   href: 'ios-sim' }
7 silly lockFile 6af69284-ios-sim ios-sim
8 verbose lock ios-sim /Users/rafael/.npm/6af69284-ios-sim.lock
9 silly lockFile 6af69284-ios-sim ios-sim
10 silly lockFile 6af69284-ios-sim ios-sim
11 verbose addNamed [ 'ios-sim', '' ]
12 verbose addNamed [ null, '*' ]
13 silly lockFile 03dce7cc-ios-sim ios-sim@
14 verbose lock ios-sim@ /Users/rafael/.npm/03dce7cc-ios-sim.lock
15 silly addNameRange { name: 'ios-sim', range: '*', hasData: false }
16 verbose url raw ios-sim
17 verbose url resolving [ 'https://registry.npmjs.org/', './ios-sim' ]
18 verbose url resolved https://registry.npmjs.org/ios-sim
19 info trying registry request attempt 1 at 13:48:59
20 verbose etag "30MW7WHVRNF7HLRJ085FB3MXH"
21 http GET https://registry.npmjs.org/ios-sim
22 http 200 https://registry.npmjs.org/ios-sim
23 silly registry.get cb [ 200,
23 silly registry.get   { date: 'Sun, 18 May 2014 16:48:58 GMT',
23 silly registry.get     server: 'CouchDB/1.5.0 (Erlang OTP/R14B04)',
23 silly registry.get     etag: '"DZ5AX9C5C285CHZZ9YQ083PI3"',
23 silly registry.get     'content-type': 'application/json',
23 silly registry.get     via: '1.1 varnish',
23 silly registry.get     'cache-control': 'max-age=1',
23 silly registry.get     'content-length': '6518',
23 silly registry.get     'accept-ranges': 'bytes',
23 silly registry.get     age: '4225',
23 silly registry.get     'x-served-by': 'cache-v36-ASH, cache-jfk1024-JFK',
23 silly registry.get     'x-cache': 'MISS, MISS',
23 silly registry.get     'x-cache-hits': '0, 0',
23 silly registry.get     'x-timer': 'S1400427513.806085587,VS0,VS0,VE9,VE4224761',
23 silly registry.get     vary: 'Accept',
23 silly registry.get     'keep-alive': 'timeout=10, max=50',
23 silly registry.get     connection: 'Keep-Alive' } ]
24 silly addNameRange number 2 { name: 'ios-sim', range: '*', hasData: true }
25 silly addNameRange versions [ 'ios-sim', [ '1.8.0', '1.8.1', '1.8.2', '1.9.0' ] ]
26 verbose addNamed [ 'ios-sim', '1.9.0' ]
27 verbose addNamed [ '1.9.0', '1.9.0' ]
28 silly lockFile 08b821e4-ios-sim-1-9-0 ios-sim@1.9.0
29 verbose lock ios-sim@1.9.0 /Users/rafael/.npm/08b821e4-ios-sim-1-9-0.lock
30 silly lockFile ed580e00-js-org-ios-sim-ios-sim-1-9-0-tgz https://registry.npmjs.org/ios-sim/-/ios-sim-1.9.0.tgz
31 verbose lock https://registry.npmjs.org/ios-sim/-/ios-sim-1.9.0.tgz /Users/rafael/.npm/ed580e00-js-org-ios-sim-ios-sim-1-9-0-tgz.lock
32 verbose addRemoteTarball [ 'https://registry.npmjs.org/ios-sim/-/ios-sim-1.9.0.tgz',
32 verbose addRemoteTarball   'bedbc80a175960fdb0b5a95c370c81f2ffcb4ca4' ]
33 info retry fetch attempt 1 at 13:49:00
34 verbose fetch to= /var/folders/n0/t03cgv5d76d7t_x0_k7mrdj00000gn/T/npm-6221-jA8jiBFA/1400431740327-0.5379991310182959/tmp.tgz
35 http GET https://registry.npmjs.org/ios-sim/-/ios-sim-1.9.0.tgz
36 http 200 https://registry.npmjs.org/ios-sim/-/ios-sim-1.9.0.tgz
37 verbose tar unpack /var/folders/n0/t03cgv5d76d7t_x0_k7mrdj00000gn/T/npm-6221-jA8jiBFA/1400431740327-0.5379991310182959/tmp.tgz
38 silly lockFile 2dbaad33-40327-0-5379991310182959-package tar:///var/folders/n0/t03cgv5d76d7t_x0_k7mrdj00000gn/T/npm-6221-jA8jiBFA/1400431740327-0.5379991310182959/package
39 verbose lock tar:///var/folders/n0/t03cgv5d76d7t_x0_k7mrdj00000gn/T/npm-6221-jA8jiBFA/1400431740327-0.5379991310182959/package /Users/rafael/.npm/2dbaad33-40327-0-5379991310182959-package.lock
40 silly lockFile 484cc41e-40327-0-5379991310182959-tmp-tgz tar:///var/folders/n0/t03cgv5d76d7t_x0_k7mrdj00000gn/T/npm-6221-jA8jiBFA/1400431740327-0.5379991310182959/tmp.tgz
41 verbose lock tar:///var/folders/n0/t03cgv5d76d7t_x0_k7mrdj00000gn/T/npm-6221-jA8jiBFA/1400431740327-0.5379991310182959/tmp.tgz /Users/rafael/.npm/484cc41e-40327-0-5379991310182959-tmp-tgz.lock
42 silly gunzTarPerm modes [ '755', '644' ]
43 silly gunzTarPerm extractEntry package.json
44 silly gunzTarPerm extractEntry .npmignore
45 silly gunzTarPerm extractEntry README.md
46 silly gunzTarPerm extractEntry LICENSE
47 silly gunzTarPerm extractEntry DVTiPhoneSimulatorRemoteClient/DVTiPhoneSimulatorRemoteClient.h
48 silly gunzTarPerm extractEntry README.template.md
49 silly gunzTarPerm extractEntry Rakefile
50 silly gunzTarPerm extractEntry Source/.npmignore
51 silly gunzTarPerm extractEntry Source/NSString+expandPath.h
52 silly gunzTarPerm extractEntry Source/NSString+expandPath.m
53 silly gunzTarPerm extractEntry Source/iPhoneSimulator.h
54 silly gunzTarPerm extractEntry Source/iPhoneSimulator.m
55 silly gunzTarPerm extractEntry Source/main.m
56 silly gunzTarPerm extractEntry Source/nsprintf.h
57 silly gunzTarPerm extractEntry Source/nsprintf.m
58 silly gunzTarPerm extractEntry Source/version.h
59 silly gunzTarPerm extractEntry ios-sim.xcodeproj/.npmignore
60 silly gunzTarPerm extractEntry ios-sim.xcodeproj/project.pbxproj
61 silly gunzTarPerm extractEntry ios-sim.xcodeproj/xcshareddata/xcschemes/ios-sim.xcscheme
62 silly gunzTarPerm extractEntry ios-sim_Prefix.pch
63 silly lockFile 2dbaad33-40327-0-5379991310182959-package tar:///var/folders/n0/t03cgv5d76d7t_x0_k7mrdj00000gn/T/npm-6221-jA8jiBFA/1400431740327-0.5379991310182959/package
64 silly lockFile 2dbaad33-40327-0-5379991310182959-package tar:///var/folders/n0/t03cgv5d76d7t_x0_k7mrdj00000gn/T/npm-6221-jA8jiBFA/1400431740327-0.5379991310182959/package
65 silly lockFile 484cc41e-40327-0-5379991310182959-tmp-tgz tar:///var/folders/n0/t03cgv5d76d7t_x0_k7mrdj00000gn/T/npm-6221-jA8jiBFA/1400431740327-0.5379991310182959/tmp.tgz
66 silly lockFile 484cc41e-40327-0-5379991310182959-tmp-tgz tar:///var/folders/n0/t03cgv5d76d7t_x0_k7mrdj00000gn/T/npm-6221-jA8jiBFA/1400431740327-0.5379991310182959/tmp.tgz
67 verbose tar pack [ '/Users/rafael/.npm/ios-sim/1.9.0/package.tgz',
67 verbose tar pack   '/var/folders/n0/t03cgv5d76d7t_x0_k7mrdj00000gn/T/npm-6221-jA8jiBFA/1400431740327-0.5379991310182959/package' ]
68 verbose tarball /Users/rafael/.npm/ios-sim/1.9.0/package.tgz
69 verbose folder /var/folders/n0/t03cgv5d76d7t_x0_k7mrdj00000gn/T/npm-6221-jA8jiBFA/1400431740327-0.5379991310182959/package
70 silly lockFile 2dbaad33-40327-0-5379991310182959-package tar:///var/folders/n0/t03cgv5d76d7t_x0_k7mrdj00000gn/T/npm-6221-jA8jiBFA/1400431740327-0.5379991310182959/package
71 verbose lock tar:///var/folders/n0/t03cgv5d76d7t_x0_k7mrdj00000gn/T/npm-6221-jA8jiBFA/1400431740327-0.5379991310182959/package /Users/rafael/.npm/2dbaad33-40327-0-5379991310182959-package.lock
72 silly lockFile 33507cb7-el-npm-ios-sim-1-9-0-package-tgz tar:///Users/rafael/.npm/ios-sim/1.9.0/package.tgz
73 verbose lock tar:///Users/rafael/.npm/ios-sim/1.9.0/package.tgz /Users/rafael/.npm/33507cb7-el-npm-ios-sim-1-9-0-package-tgz.lock
74 silly lockFile 2dbaad33-40327-0-5379991310182959-package tar:///var/folders/n0/t03cgv5d76d7t_x0_k7mrdj00000gn/T/npm-6221-jA8jiBFA/1400431740327-0.5379991310182959/package
75 silly lockFile 2dbaad33-40327-0-5379991310182959-package tar:///var/folders/n0/t03cgv5d76d7t_x0_k7mrdj00000gn/T/npm-6221-jA8jiBFA/1400431740327-0.5379991310182959/package
76 silly lockFile 33507cb7-el-npm-ios-sim-1-9-0-package-tgz tar:///Users/rafael/.npm/ios-sim/1.9.0/package.tgz
77 silly lockFile 33507cb7-el-npm-ios-sim-1-9-0-package-tgz tar:///Users/rafael/.npm/ios-sim/1.9.0/package.tgz
78 silly lockFile 4948641e-rafael-npm-ios-sim-1-9-0-package /Users/rafael/.npm/ios-sim/1.9.0/package
79 verbose lock /Users/rafael/.npm/ios-sim/1.9.0/package /Users/rafael/.npm/4948641e-rafael-npm-ios-sim-1-9-0-package.lock
80 silly lockFile 4948641e-rafael-npm-ios-sim-1-9-0-package /Users/rafael/.npm/ios-sim/1.9.0/package
81 silly lockFile 4948641e-rafael-npm-ios-sim-1-9-0-package /Users/rafael/.npm/ios-sim/1.9.0/package
82 verbose tar unpack /Users/rafael/.npm/ios-sim/1.9.0/package.tgz
83 silly lockFile d102bccf-rafael-npm-ios-sim-1-9-0-package tar:///Users/rafael/.npm/ios-sim/1.9.0/package
84 verbose lock tar:///Users/rafael/.npm/ios-sim/1.9.0/package /Users/rafael/.npm/d102bccf-rafael-npm-ios-sim-1-9-0-package.lock
85 silly lockFile 33507cb7-el-npm-ios-sim-1-9-0-package-tgz tar:///Users/rafael/.npm/ios-sim/1.9.0/package.tgz
86 verbose lock tar:///Users/rafael/.npm/ios-sim/1.9.0/package.tgz /Users/rafael/.npm/33507cb7-el-npm-ios-sim-1-9-0-package-tgz.lock
87 silly gunzTarPerm modes [ '755', '644' ]
88 silly gunzTarPerm extractEntry package.json
89 silly gunzTarPerm extractEntry .npmignore
90 silly gunzTarPerm extractEntry README.md
91 silly gunzTarPerm extractEntry LICENSE
92 silly gunzTarPerm extractEntry DVTiPhoneSimulatorRemoteClient/DVTiPhoneSimulatorRemoteClient.h
93 silly gunzTarPerm extractEntry README.template.md
94 silly gunzTarPerm extractEntry Rakefile
95 silly gunzTarPerm extractEntry Source/.npmignore
96 silly gunzTarPerm extractEntry Source/NSString+expandPath.h
97 silly gunzTarPerm extractEntry Source/NSString+expandPath.m
98 silly gunzTarPerm extractEntry Source/iPhoneSimulator.h
99 silly gunzTarPerm extractEntry Source/iPhoneSimulator.m
100 silly gunzTarPerm extractEntry Source/main.m
101 silly gunzTarPerm extractEntry Source/nsprintf.h
102 silly gunzTarPerm extractEntry Source/nsprintf.m
103 silly gunzTarPerm extractEntry Source/version.h
104 silly gunzTarPerm extractEntry ios-sim.xcodeproj/.npmignore
105 silly gunzTarPerm extractEntry ios-sim.xcodeproj/project.pbxproj
106 silly gunzTarPerm extractEntry ios-sim.xcodeproj/xcshareddata/xcschemes/ios-sim.xcscheme
107 silly gunzTarPerm extractEntry ios-sim_Prefix.pch
108 silly lockFile d102bccf-rafael-npm-ios-sim-1-9-0-package tar:///Users/rafael/.npm/ios-sim/1.9.0/package
109 silly lockFile d102bccf-rafael-npm-ios-sim-1-9-0-package tar:///Users/rafael/.npm/ios-sim/1.9.0/package
110 silly lockFile 33507cb7-el-npm-ios-sim-1-9-0-package-tgz tar:///Users/rafael/.npm/ios-sim/1.9.0/package.tgz
111 silly lockFile 33507cb7-el-npm-ios-sim-1-9-0-package-tgz tar:///Users/rafael/.npm/ios-sim/1.9.0/package.tgz
112 verbose chmod /Users/rafael/.npm/ios-sim/1.9.0/package.tgz 644
113 verbose chown /Users/rafael/.npm/ios-sim/1.9.0/package.tgz [ 501, 20 ]
114 silly lockFile ed580e00-js-org-ios-sim-ios-sim-1-9-0-tgz https://registry.npmjs.org/ios-sim/-/ios-sim-1.9.0.tgz
115 silly lockFile ed580e00-js-org-ios-sim-ios-sim-1-9-0-tgz https://registry.npmjs.org/ios-sim/-/ios-sim-1.9.0.tgz
116 silly lockFile 08b821e4-ios-sim-1-9-0 ios-sim@1.9.0
117 silly lockFile 08b821e4-ios-sim-1-9-0 ios-sim@1.9.0
118 silly lockFile 03dce7cc-ios-sim ios-sim@
119 silly lockFile 03dce7cc-ios-sim ios-sim@
120 silly resolved [ { name: 'ios-sim',
120 silly resolved     version: '1.9.0',
120 silly resolved     description: 'launch iOS apps into the iOS Simulator from the command line (Xcode 5.1)',
120 silly resolved     main: 'ios-sim',
120 silly resolved     scripts: { preinstall: 'rake build' },
120 silly resolved     bin: { 'ios-sim': 'build/Release/ios-sim' },
120 silly resolved     repository: { type: 'git', url: 'https://github.com/phonegap/ios-sim' },
120 silly resolved     keywords: [ 'ios-sim', 'iOS Simulator' ],
120 silly resolved     author: { name: 'Landon Fuller, Jeff Haynie, Eloy Duran, Shazron Abdullah' },
120 silly resolved     license: 'MIT',
120 silly resolved     readme: 'ios-sim\n=======\n\nThe ios-sim tool is a command-line utility that launches an iOS application on\nthe iOS Simulator. This allows for niceties such as automated testing without\nhaving to open XCode.\n\nFeatures\n--------\n\n* Choose the device family to simulate, i.e. iPhone or iPad.\n* Setup environment variables.\n* Pass arguments to the application.\n* See the stdout and stderr, or redirect them to files.\n\nSee the `--help` option for more info.\n\nInstallation\n------------\n\nWith node.js (at least 0.10.20):\n\n    $ sudo npm install ios-sim -g\n\nDownload an archive:\n\n    $ curl -L https://github.com/phonegap/ios-sim/zipball/1.8.2 -o ios-sim-1.8.2.zip\n    $ unzip ios-sim-1.8.2.zip\n\nOr from a git clone:\n\n    $ git clone git://github.com/phonegap/ios-sim.git\n\nThen build and install from the source root:\n\n    $ rake install prefix=/usr/local/\n\n\nDevelopment\n-----------\n\nWhen you want to release a version, do:\n\n    $ rake version:bump v=NEW_VERSION\n    $ rake release\n    $ npm version NEW_VERSION -m "Updated to npm version %s"\n    \ntmux\n-----\n\nTo get ios-sim to launch correctly within tmux use the reattach-to-user-namespace wrapper.\n\n```\nreattach-to-user-namespace ios-sim launch ./build/MyTestApp.app\n```\n*source:* https://github.com/ChrisJohnsen/tmux-MacOSX-pasteboard\n\n*brew:*  ```brew install reattach-to-user-namespace```\n\nLicense\n-------\n\nOriginal author: Landon Fuller <landonf@plausiblelabs.com>\nCopyright (c) 2008-2011 Plausible Labs Cooperative, Inc.\nAll rights reserved.\n\nThis project is available under the MIT license. See [LICENSE][license].\n\n[license]: https://github.com/phonegap/ios-sim/blob/master/LICENSE\n',
120 silly resolved     readmeFilename: 'README.md',
120 silly resolved     bugs: { url: 'https://github.com/phonegap/ios-sim/issues' },
120 silly resolved     homepage: 'https://github.com/phonegap/ios-sim',
120 silly resolved     _id: 'ios-sim@1.9.0',
120 silly resolved     dist: { shasum: '9ed927224f5eaa4b24a722eee7c1f2a34a30c34e' },
120 silly resolved     _from: 'ios-sim@',
120 silly resolved     _resolved: 'https://registry.npmjs.org/ios-sim/-/ios-sim-1.9.0.tgz' } ]
121 info install ios-sim@1.9.0 into /usr/local/lib
122 info installOne ios-sim@1.9.0
123 info /usr/local/lib/node_modules/ios-sim unbuild
124 info preuninstall ios-sim@1.8.2
125 info uninstall ios-sim@1.8.2
126 verbose true,/usr/local/lib/node_modules,/usr/local/lib/node_modules unbuild ios-sim@1.8.2
127 verbose /usr/local/bin,[object Object] binRoot
128 info postuninstall ios-sim@1.8.2
129 info /usr/local/lib/node_modules/ios-sim unbuild
130 info preuninstall ios-sim@1.8.2
131 info uninstall ios-sim@1.8.2
132 verbose true,/usr/local/lib/node_modules,/usr/local/lib/node_modules unbuild ios-sim@1.8.2
133 verbose /usr/local/bin,[object Object] binRoot
134 info postuninstall ios-sim@1.8.2
135 error error rolling back Error: EACCES, unlink '/usr/local/lib/node_modules/ios-sim'
135 error error rolling back  ios-sim@1.9.0 { [Error: EACCES, unlink '/usr/local/lib/node_modules/ios-sim']
135 error error rolling back   errno: 3,
135 error error rolling back   code: 'EACCES',
135 error error rolling back   path: '/usr/local/lib/node_modules/ios-sim' }
136 error Error: EACCES, unlink '/usr/local/lib/node_modules/ios-sim'
136 error  { [Error: EACCES, unlink '/usr/local/lib/node_modules/ios-sim']
136 error   errno: 3,
136 error   code: 'EACCES',
136 error   path: '/usr/local/lib/node_modules/ios-sim' }
137 error Please try running this command again as root/Administrator.
138 error System Darwin 13.2.0
139 error command "node" "/usr/local/bin/npm" "install" "-g" "ios-sim"
140 error cwd /Users/rafael/planeta-brasil/planeta-brasil-2
141 error node -v v0.10.26
142 error npm -v 1.4.3
143 error path /usr/local/lib/node_modules/ios-sim
144 error code EACCES
145 error errno 3
146 error stack Error: EACCES, unlink '/usr/local/lib/node_modules/ios-sim'
147 verbose exit [ 3, true ]
