2014-03-01 12:55:48.974 HelloWorld[78876:80b] Multi-tasking -> Device: YES, App: YES
2014-03-01 12:55:49.043 HelloWorld[78876:80b] Unlimited access to network resources
2014-03-01 12:55:50.027 HelloWorld[78876:80b] Resetting plugins due to page load.
2014-03-01 12:55:50.260 HelloWorld[78876:80b] Finished load of: file:///Users/rafael/Library/Application%20Support/iPhone%20Simulator/7.0.3/Applications/ACDE5C7F-0EBF-461E-960D-7E436F42044F/HelloWorld.app/www/index.html
2014-03-01 12:59:08.415 HelloWorld[79596:80b] Multi-tasking -> Device: YES, App: YES
2014-03-01 12:59:08.432 HelloWorld[79596:80b] Unlimited access to network resources
2014-03-01 12:59:08.868 HelloWorld[79596:80b] Resetting plugins due to page load.
2014-03-01 12:59:09.324 HelloWorld[79596:80b] Finished load of: file:///Users/rafael/Library/Application%20Support/iPhone%20Simulator/7.0.3/Applications/ACDE5C7F-0EBF-461E-960D-7E436F42044F/HelloWorld.app/www/index.html
2014-03-01 13:12:37.582 HelloWorld[80392:80b] Multi-tasking -> Device: YES, App: YES
2014-03-01 13:12:37.592 HelloWorld[80392:80b] Unlimited access to network resources
2014-03-01 13:12:37.833 HelloWorld[80392:80b] Resetting plugins due to page load.
2014-03-01 13:12:38.024 HelloWorld[80392:80b] Finished load of: file:///Users/rafael/Library/Application%20Support/iPhone%20Simulator/7.0.3/Applications/ACDE5C7F-0EBF-461E-960D-7E436F42044F/HelloWorld.app/www/index.html
2014-03-01 13:21:10.795 HelloWorld[80392:80b] Received memory warning.
2014-03-01 18:24:25.412 HelloWorld[84583:80b] Multi-tasking -> Device: YES, App: YES
2014-03-01 18:24:25.471 HelloWorld[84583:80b] Unlimited access to network resources
2014-03-01 18:24:26.396 HelloWorld[84583:80b] Resetting plugins due to page load.
2014-03-01 18:24:26.770 HelloWorld[84583:80b] Finished load of: file:///Users/rafael/Library/Application%20Support/iPhone%20Simulator/7.0.3/Applications/ACDE5C7F-0EBF-461E-960D-7E436F42044F/HelloWorld.app/www/index.html
2014-03-01 18:30:47.947 HelloWorld[85285:80b] Multi-tasking -> Device: YES, App: YES
2014-03-01 18:30:47.961 HelloWorld[85285:80b] Unlimited access to network resources
2014-03-01 18:30:48.170 HelloWorld[85285:80b] Resetting plugins due to page load.
2014-03-01 18:30:48.510 HelloWorld[85285:80b] Finished load of: file:///Users/rafael/Library/Application%20Support/iPhone%20Simulator/7.0.3/Applications/ACDE5C7F-0EBF-461E-960D-7E436F42044F/HelloWorld.app/www/index.html
2014-03-01 18:38:50.742 HelloWorld[86022:80b] Multi-tasking -> Device: YES, App: YES
2014-03-01 18:38:50.800 HelloWorld[86022:80b] Unlimited access to network resources
2014-03-01 18:38:52.272 HelloWorld[86022:80b] Resetting plugins due to page load.
2014-03-01 18:38:52.702 HelloWorld[86022:80b] Finished load of: file:///Users/rafael/Library/Application%20Support/iPhone%20Simulator/7.0.3/Applications/ACDE5C7F-0EBF-461E-960D-7E436F42044F/HelloWorld.app/www/index.html
2014-03-01 18:40:47.553 HelloWorld[86676:80b] Multi-tasking -> Device: YES, App: YES
2014-03-01 18:40:47.570 HelloWorld[86676:80b] Unlimited access to network resources
2014-03-01 18:40:47.689 HelloWorld[86676:80b] Resetting plugins due to page load.
2014-03-01 18:40:48.647 HelloWorld[86676:80b] Finished load of: file:///Users/rafael/Library/Application%20Support/iPhone%20Simulator/7.0.3/Applications/ACDE5C7F-0EBF-461E-960D-7E436F42044F/HelloWorld.app/www/index.html
2014-03-01 18:42:42.908 HelloWorld[87308:80b] Multi-tasking -> Device: YES, App: YES
2014-03-01 18:42:42.922 HelloWorld[87308:80b] Unlimited access to network resources
2014-03-01 18:42:43.216 HelloWorld[87308:80b] Resetting plugins due to page load.
2014-03-01 18:42:44.317 HelloWorld[87308:80b] Finished load of: file:///Users/rafael/Library/Application%20Support/iPhone%20Simulator/7.0.3/Applications/ACDE5C7F-0EBF-461E-960D-7E436F42044F/HelloWorld.app/www/index.html
2014-03-01 19:29:22.805 HelloWorld[90114:80b] Multi-tasking -> Device: YES, App: YES
2014-03-01 19:29:22.864 HelloWorld[90114:80b] Unlimited access to network resources
2014-03-01 19:29:23.538 HelloWorld[90114:80b] Resetting plugins due to page load.
2014-03-01 19:29:23.833 HelloWorld[90114:80b] Finished load of: file:///Users/rafael/Library/Application%20Support/iPhone%20Simulator/7.0.3/Applications/ACDE5C7F-0EBF-461E-960D-7E436F42044F/HelloWorld.app/www/index.html
2014-03-01 19:34:06.755 HelloWorld[90802:80b] Multi-tasking -> Device: YES, App: YES
2014-03-01 19:34:06.811 HelloWorld[90802:80b] Unlimited access to network resources
2014-03-01 19:34:07.809 HelloWorld[90802:80b] Resetting plugins due to page load.
2014-03-01 19:34:08.187 HelloWorld[90802:80b] Finished load of: file:///Users/rafael/Library/Application%20Support/iPhone%20Simulator/7.0.3/Applications/ACDE5C7F-0EBF-461E-960D-7E436F42044F/HelloWorld.app/www/index.html
2014-03-01 19:47:56.524 HelloWorld[91762:80b] Multi-tasking -> Device: YES, App: YES
2014-03-01 19:47:56.545 HelloWorld[91762:80b] Unlimited access to network resources
2014-03-01 19:47:57.025 HelloWorld[91762:80b] Resetting plugins due to page load.
2014-03-01 19:47:57.409 HelloWorld[91762:80b] Finished load of: file:///Users/rafael/Library/Application%20Support/iPhone%20Simulator/7.0.3/Applications/ACDE5C7F-0EBF-461E-960D-7E436F42044F/HelloWorld.app/www/index.html
2014-03-01 19:48:44.490 HelloWorld[92376:80b] Multi-tasking -> Device: YES, App: YES
2014-03-01 19:48:44.512 HelloWorld[92376:80b] Unlimited access to network resources
2014-03-01 19:48:45.067 HelloWorld[92376:80b] Resetting plugins due to page load.
2014-03-01 19:48:45.431 HelloWorld[92376:80b] Finished load of: file:///Users/rafael/Library/Application%20Support/iPhone%20Simulator/7.0.3/Applications/ACDE5C7F-0EBF-461E-960D-7E436F42044F/HelloWorld.app/www/index.html
2014-03-01 19:54:01.073 HelloWorld[93057:80b] Multi-tasking -> Device: YES, App: YES
2014-03-01 19:54:01.098 HelloWorld[93057:80b] Unlimited access to network resources
2014-03-01 19:54:01.703 HelloWorld[93057:80b] Resetting plugins due to page load.
2014-03-01 19:54:02.243 HelloWorld[93057:80b] Finished load of: file:///Users/rafael/Library/Application%20Support/iPhone%20Simulator/7.0.3/Applications/ACDE5C7F-0EBF-461E-960D-7E436F42044F/HelloWorld.app/www/index.html
2014-03-01 19:57:11.375 HelloWorld[93715:80b] Multi-tasking -> Device: YES, App: YES
2014-03-01 19:57:11.406 HelloWorld[93715:80b] Unlimited access to network resources
2014-03-01 19:57:11.957 HelloWorld[93715:80b] Resetting plugins due to page load.
2014-03-01 19:57:12.686 HelloWorld[93715:80b] Finished load of: file:///Users/rafael/Library/Application%20Support/iPhone%20Simulator/7.0.3/Applications/ACDE5C7F-0EBF-461E-960D-7E436F42044F/HelloWorld.app/www/index.html
2014-03-01 20:10:34.999 HelloWorld[94837:80b] Multi-tasking -> Device: YES, App: YES
2014-03-01 20:10:36.443 HelloWorld[94837:80b] Unlimited access to network resources
2014-03-01 20:10:44.132 HelloWorld[94837:80b] Resetting plugins due to page load.
2014-03-01 20:10:46.963 HelloWorld[94837:80b] Finished load of: file:///Users/rafael/Library/Application%20Support/iPhone%20Simulator/7.0.3/Applications/ACDE5C7F-0EBF-461E-960D-7E436F42044F/HelloWorld.app/www/index.html
2014-03-01 20:11:41.409 HelloWorld[95223:80b] Multi-tasking -> Device: YES, App: YES
2014-03-01 20:11:41.448 HelloWorld[95223:80b] Unlimited access to network resources
2014-03-01 20:11:42.136 HelloWorld[95223:80b] Resetting plugins due to page load.
2014-03-01 20:11:42.971 HelloWorld[95223:80b] Finished load of: file:///Users/rafael/Library/Application%20Support/iPhone%20Simulator/7.0.3/Applications/ACDE5C7F-0EBF-461E-960D-7E436F42044F/HelloWorld.app/www/index.html
2014-03-01 20:26:18.076 HelloWorld[96058:80b] Multi-tasking -> Device: YES, App: YES
2014-03-01 20:26:18.092 HelloWorld[96058:80b] Unlimited access to network resources
2014-03-01 20:26:18.396 HelloWorld[96058:80b] Resetting plugins due to page load.
2014-03-01 20:26:18.616 HelloWorld[96058:80b] Finished load of: file:///Users/rafael/Library/Application%20Support/iPhone%20Simulator/7.0.3/Applications/ACDE5C7F-0EBF-461E-960D-7E436F42044F/HelloWorld.app/www/index.html
2014-03-01 20:27:22.378 HelloWorld[96676:80b] Multi-tasking -> Device: YES, App: YES
2014-03-01 20:27:22.392 HelloWorld[96676:80b] Unlimited access to network resources
2014-03-01 20:27:22.695 HelloWorld[96676:80b] Resetting plugins due to page load.
2014-03-01 20:27:22.957 HelloWorld[96676:80b] Finished load of: file:///Users/rafael/Library/Application%20Support/iPhone%20Simulator/7.0.3/Applications/ACDE5C7F-0EBF-461E-960D-7E436F42044F/HelloWorld.app/www/index.html
2014-03-01 20:28:51.997 HelloWorld[97294:80b] Multi-tasking -> Device: YES, App: YES
2014-03-01 20:28:52.013 HelloWorld[97294:80b] Unlimited access to network resources
2014-03-01 20:28:52.318 HelloWorld[97294:80b] Resetting plugins due to page load.
2014-03-01 20:28:52.612 HelloWorld[97294:80b] Finished load of: file:///Users/rafael/Library/Application%20Support/iPhone%20Simulator/7.0.3/Applications/ACDE5C7F-0EBF-461E-960D-7E436F42044F/HelloWorld.app/www/index.html
2014-03-01 20:29:52.541 HelloWorld[97902:80b] Multi-tasking -> Device: YES, App: YES
2014-03-01 20:29:52.554 HelloWorld[97902:80b] Unlimited access to network resources
2014-03-01 20:29:52.831 HelloWorld[97902:80b] Resetting plugins due to page load.
2014-03-01 20:29:53.186 HelloWorld[97902:80b] Finished load of: file:///Users/rafael/Library/Application%20Support/iPhone%20Simulator/7.0.3/Applications/ACDE5C7F-0EBF-461E-960D-7E436F42044F/HelloWorld.app/www/index.html
2014-03-01 20:30:37.881 HelloWorld[98508:80b] Multi-tasking -> Device: YES, App: YES
2014-03-01 20:30:37.895 HelloWorld[98508:80b] Unlimited access to network resources
2014-03-01 20:30:38.197 HelloWorld[98508:80b] Resetting plugins due to page load.
2014-03-01 20:30:38.458 HelloWorld[98508:80b] Finished load of: file:///Users/rafael/Library/Application%20Support/iPhone%20Simulator/7.0.3/Applications/ACDE5C7F-0EBF-461E-960D-7E436F42044F/HelloWorld.app/www/index.html
2014-03-01 20:42:40.851 HelloWorld[99619:80b] Multi-tasking -> Device: YES, App: YES
2014-03-01 20:42:40.864 HelloWorld[99619:80b] Unlimited access to network resources
2014-03-01 20:42:41.138 HelloWorld[99619:80b] Resetting plugins due to page load.
2014-03-01 20:42:41.300 HelloWorld[99619:80b] Finished load of: file:///Users/rafael/Library/Application%20Support/iPhone%20Simulator/7.0.3/Applications/ACDE5C7F-0EBF-461E-960D-7E436F42044F/HelloWorld.app/www/index.html
2014-03-01 20:45:21.873 HelloWorld[649:80b] Multi-tasking -> Device: YES, App: YES
2014-03-01 20:45:21.885 HelloWorld[649:80b] Unlimited access to network resources
2014-03-01 20:45:22.203 HelloWorld[649:80b] Resetting plugins due to page load.
2014-03-01 20:45:22.423 HelloWorld[649:80b] Finished load of: file:///Users/rafael/Library/Application%20Support/iPhone%20Simulator/7.0.3/Applications/ACDE5C7F-0EBF-461E-960D-7E436F42044F/HelloWorld.app/www/index.html
2014-03-02 10:33:33.007 HelloWorld[9198:80b] Multi-tasking -> Device: YES, App: YES
2014-03-02 10:33:33.025 HelloWorld[9198:80b] Unlimited access to network resources
2014-03-02 10:33:34.016 HelloWorld[9198:80b] Resetting plugins due to page load.
2014-03-02 10:33:34.739 HelloWorld[9198:80b] Finished load of: file:///Users/rafael/Library/Application%20Support/iPhone%20Simulator/7.0.3/Applications/ACDE5C7F-0EBF-461E-960D-7E436F42044F/HelloWorld.app/www/index.html
2014-03-02 10:37:31.062 HelloWorld[9865:80b] Multi-tasking -> Device: YES, App: YES
2014-03-02 10:37:31.080 HelloWorld[9865:80b] Unlimited access to network resources
2014-03-02 10:37:31.490 HelloWorld[9865:80b] Resetting plugins due to page load.
2014-03-02 10:37:31.651 HelloWorld[9865:80b] Finished load of: file:///Users/rafael/Library/Application%20Support/iPhone%20Simulator/7.0.3/Applications/ACDE5C7F-0EBF-461E-960D-7E436F42044F/HelloWorld.app/www/index.html
2014-03-02 10:49:46.920 HelloWorld[11120:80b] Multi-tasking -> Device: YES, App: YES
2014-03-02 10:49:46.942 HelloWorld[11120:80b] Unlimited access to network resources
2014-03-02 10:49:47.407 HelloWorld[11120:80b] Resetting plugins due to page load.
2014-03-02 10:49:47.790 HelloWorld[11120:80b] Finished load of: file:///Users/rafael/Library/Application%20Support/iPhone%20Simulator/7.0.3/Applications/ACDE5C7F-0EBF-461E-960D-7E436F42044F/HelloWorld.app/www/index.html
2014-03-02 10:51:11.844 HelloWorld[11738:80b] Multi-tasking -> Device: YES, App: YES
2014-03-02 10:51:11.863 HelloWorld[11738:80b] Unlimited access to network resources
2014-03-02 10:51:12.315 HelloWorld[11738:80b] Resetting plugins due to page load.
2014-03-02 10:51:12.689 HelloWorld[11738:80b] Finished load of: file:///Users/rafael/Library/Application%20Support/iPhone%20Simulator/7.0.3/Applications/ACDE5C7F-0EBF-461E-960D-7E436F42044F/HelloWorld.app/www/index.html
2014-03-02 10:53:18.395 HelloWorld[12371:80b] Multi-tasking -> Device: YES, App: YES
2014-03-02 10:53:18.415 HelloWorld[12371:80b] Unlimited access to network resources
2014-03-02 10:53:18.884 HelloWorld[12371:80b] Resetting plugins due to page load.
2014-03-02 10:53:19.153 HelloWorld[12371:80b] Finished load of: file:///Users/rafael/Library/Application%20Support/iPhone%20Simulator/7.0.3/Applications/ACDE5C7F-0EBF-461E-960D-7E436F42044F/HelloWorld.app/www/index.html
2014-03-02 10:55:54.529 HelloWorld[13020:80b] Multi-tasking -> Device: YES, App: YES
2014-03-02 10:55:54.553 HelloWorld[13020:80b] Unlimited access to network resources
2014-03-02 10:55:55.126 HelloWorld[13020:80b] Resetting plugins due to page load.
2014-03-02 10:55:55.762 HelloWorld[13020:80b] Finished load of: file:///Users/rafael/Library/Application%20Support/iPhone%20Simulator/7.0.3/Applications/ACDE5C7F-0EBF-461E-960D-7E436F42044F/HelloWorld.app/www/index.html
2014-03-02 10:57:09.726 HelloWorld[13644:80b] Multi-tasking -> Device: YES, App: YES
2014-03-02 10:57:09.753 HelloWorld[13644:80b] Unlimited access to network resources
2014-03-02 10:57:10.328 HelloWorld[13644:80b] Resetting plugins due to page load.
2014-03-02 10:57:10.679 HelloWorld[13644:80b] Finished load of: file:///Users/rafael/Library/Application%20Support/iPhone%20Simulator/7.0.3/Applications/ACDE5C7F-0EBF-461E-960D-7E436F42044F/HelloWorld.app/www/index.html
2014-03-02 11:19:43.681 HelloWorld[15783:80b] Multi-tasking -> Device: YES, App: YES
2014-03-02 11:19:43.695 HelloWorld[15783:80b] Unlimited access to network resources
2014-03-02 11:19:43.819 HelloWorld[15783:80b] Resetting plugins due to page load.
2014-03-02 11:19:44.193 HelloWorld[15783:80b] Finished load of: file:///Users/rafael/Library/Application%20Support/iPhone%20Simulator/7.0.3/Applications/ACDE5C7F-0EBF-461E-960D-7E436F42044F/HelloWorld.app/www/index.html
2014-03-02 11:22:37.231 HelloWorld[17336:80b] Multi-tasking -> Device: YES, App: YES
2014-03-02 11:22:37.245 HelloWorld[17336:80b] Unlimited access to network resources
2014-03-02 11:22:37.504 HelloWorld[17336:80b] Resetting plugins due to page load.
2014-03-02 11:22:37.750 HelloWorld[17336:80b] Finished load of: file:///Users/rafael/Library/Application%20Support/iPhone%20Simulator/7.0.3/Applications/ACDE5C7F-0EBF-461E-960D-7E436F42044F/HelloWorld.app/www/index.html
2014-03-02 11:24:53.101 HelloWorld[17974:80b] Multi-tasking -> Device: YES, App: YES
2014-03-02 11:24:53.114 HelloWorld[17974:80b] Unlimited access to network resources
2014-03-02 11:24:53.464 HelloWorld[17974:80b] Resetting plugins due to page load.
2014-03-02 11:24:53.755 HelloWorld[17974:80b] Finished load of: file:///Users/rafael/Library/Application%20Support/iPhone%20Simulator/7.0.3/Applications/ACDE5C7F-0EBF-461E-960D-7E436F42044F/HelloWorld.app/www/index.html
2014-03-02 11:30:20.431 HelloWorld[18985:80b] Multi-tasking -> Device: YES, App: YES
2014-03-02 11:30:20.450 HelloWorld[18985:80b] Unlimited access to network resources
2014-03-02 11:30:20.948 HelloWorld[18985:80b] Resetting plugins due to page load.
2014-03-02 11:30:21.187 HelloWorld[18985:80b] Finished load of: file:///Users/rafael/Library/Application%20Support/iPhone%20Simulator/7.0.3/Applications/ACDE5C7F-0EBF-461E-960D-7E436F42044F/HelloWorld.app/www/index.html
2014-03-02 11:30:59.803 HelloWorld[19589:80b] Multi-tasking -> Device: YES, App: YES
2014-03-02 11:30:59.824 HelloWorld[19589:80b] Unlimited access to network resources
2014-03-02 11:31:00.155 HelloWorld[19589:80b] Resetting plugins due to page load.
2014-03-02 11:31:00.448 HelloWorld[19589:80b] Finished load of: file:///Users/rafael/Library/Application%20Support/iPhone%20Simulator/7.0.3/Applications/ACDE5C7F-0EBF-461E-960D-7E436F42044F/HelloWorld.app/www/index.html
2014-03-02 11:31:58.900 HelloWorld[20199:80b] Multi-tasking -> Device: YES, App: YES
2014-03-02 11:31:58.913 HelloWorld[20199:80b] Unlimited access to network resources
2014-03-02 11:31:59.233 HelloWorld[20199:80b] Resetting plugins due to page load.
2014-03-02 11:31:59.534 HelloWorld[20199:80b] Finished load of: file:///Users/rafael/Library/Application%20Support/iPhone%20Simulator/7.0.3/Applications/ACDE5C7F-0EBF-461E-960D-7E436F42044F/HelloWorld.app/www/index.html
2014-03-02 11:33:43.096 HelloWorld[20826:80b] Multi-tasking -> Device: YES, App: YES
2014-03-02 11:33:43.110 HelloWorld[20826:80b] Unlimited access to network resources
2014-03-02 11:33:43.520 HelloWorld[20826:80b] Resetting plugins due to page load.
2014-03-02 11:33:43.718 HelloWorld[20826:80b] Finished load of: file:///Users/rafael/Library/Application%20Support/iPhone%20Simulator/7.0.3/Applications/ACDE5C7F-0EBF-461E-960D-7E436F42044F/HelloWorld.app/www/index.html
2014-03-02 11:36:36.052 HelloWorld[21477:80b] Multi-tasking -> Device: YES, App: YES
2014-03-02 11:36:36.074 HelloWorld[21477:80b] Unlimited access to network resources
2014-03-02 11:36:36.375 HelloWorld[21477:80b] Resetting plugins due to page load.
2014-03-02 11:36:36.582 HelloWorld[21477:80b] Finished load of: file:///Users/rafael/Library/Application%20Support/iPhone%20Simulator/7.0.3/Applications/ACDE5C7F-0EBF-461E-960D-7E436F42044F/HelloWorld.app/www/index.html
2014-03-02 11:40:03.526 HelloWorld[22138:80b] Multi-tasking -> Device: YES, App: YES
2014-03-02 11:40:03.539 HelloWorld[22138:80b] Unlimited access to network resources
2014-03-02 11:40:03.872 HelloWorld[22138:80b] Resetting plugins due to page load.
2014-03-02 11:40:04.087 HelloWorld[22138:80b] Finished load of: file:///Users/rafael/Library/Application%20Support/iPhone%20Simulator/7.0.3/Applications/ACDE5C7F-0EBF-461E-960D-7E436F42044F/HelloWorld.app/www/index.html
2014-03-02 11:43:45.164 HelloWorld[22795:80b] Multi-tasking -> Device: YES, App: YES
2014-03-02 11:43:45.178 HelloWorld[22795:80b] Unlimited access to network resources
2014-03-02 11:43:45.438 HelloWorld[22795:80b] Resetting plugins due to page load.
2014-03-02 11:43:45.631 HelloWorld[22795:80b] Finished load of: file:///Users/rafael/Library/Application%20Support/iPhone%20Simulator/7.0.3/Applications/ACDE5C7F-0EBF-461E-960D-7E436F42044F/HelloWorld.app/www/index.html
2014-03-02 11:47:37.615 HelloWorld[23454:80b] Multi-tasking -> Device: YES, App: YES
2014-03-02 11:47:37.628 HelloWorld[23454:80b] Unlimited access to network resources
2014-03-02 11:47:37.760 HelloWorld[23454:80b] Resetting plugins due to page load.
2014-03-02 11:47:38.153 HelloWorld[23454:80b] Finished load of: file:///Users/rafael/Library/Application%20Support/iPhone%20Simulator/7.0.3/Applications/ACDE5C7F-0EBF-461E-960D-7E436F42044F/HelloWorld.app/www/index.html
2014-03-02 11:48:44.580 HelloWorld[24067:80b] Multi-tasking -> Device: YES, App: YES
2014-03-02 11:48:44.595 HelloWorld[24067:80b] Unlimited access to network resources
2014-03-02 11:48:44.915 HelloWorld[24067:80b] Resetting plugins due to page load.
2014-03-02 11:48:45.117 HelloWorld[24067:80b] Finished load of: file:///Users/rafael/Library/Application%20Support/iPhone%20Simulator/7.0.3/Applications/ACDE5C7F-0EBF-461E-960D-7E436F42044F/HelloWorld.app/www/index.html
2014-03-02 11:50:34.741 HelloWorld[25018:80b] Multi-tasking -> Device: YES, App: YES
2014-03-02 11:50:34.756 HelloWorld[25018:80b] Unlimited access to network resources
2014-03-02 11:50:35.048 HelloWorld[25018:80b] Resetting plugins due to page load.
2014-03-02 11:50:35.319 HelloWorld[25018:80b] Finished load of: file:///Users/rafael/Library/Application%20Support/iPhone%20Simulator/7.0.3/Applications/ACDE5C7F-0EBF-461E-960D-7E436F42044F/HelloWorld.app/www/index.html
2014-03-02 11:51:26.662 HelloWorld[25625:80b] Multi-tasking -> Device: YES, App: YES
2014-03-02 11:51:26.676 HelloWorld[25625:80b] Unlimited access to network resources
2014-03-02 11:51:27.114 HelloWorld[25625:80b] Resetting plugins due to page load.
2014-03-02 11:51:27.393 HelloWorld[25625:80b] Finished load of: file:///Users/rafael/Library/Application%20Support/iPhone%20Simulator/7.0.3/Applications/ACDE5C7F-0EBF-461E-960D-7E436F42044F/HelloWorld.app/www/index.html
2014-03-02 11:52:45.576 HelloWorld[26561:80b] Multi-tasking -> Device: YES, App: YES
2014-03-02 11:52:45.590 HelloWorld[26561:80b] Unlimited access to network resources
2014-03-02 11:52:45.914 HelloWorld[26561:80b] Resetting plugins due to page load.
2014-03-02 11:52:46.108 HelloWorld[26561:80b] Finished load of: file:///Users/rafael/Library/Application%20Support/iPhone%20Simulator/7.0.3/Applications/ACDE5C7F-0EBF-461E-960D-7E436F42044F/HelloWorld.app/www/index.html
2014-03-02 11:54:16.149 HelloWorld[27182:80b] Multi-tasking -> Device: YES, App: YES
2014-03-02 11:54:16.163 HelloWorld[27182:80b] Unlimited access to network resources
2014-03-02 11:54:16.268 HelloWorld[27182:80b] Resetting plugins due to page load.
2014-03-02 11:54:16.476 HelloWorld[27182:80b] Finished load of: file:///Users/rafael/Library/Application%20Support/iPhone%20Simulator/7.0.3/Applications/ACDE5C7F-0EBF-461E-960D-7E436F42044F/HelloWorld.app/www/index.html
2014-03-02 11:55:46.587 HelloWorld[27803:80b] Multi-tasking -> Device: YES, App: YES
2014-03-02 11:55:46.600 HelloWorld[27803:80b] Unlimited access to network resources
2014-03-02 11:55:46.907 HelloWorld[27803:80b] Resetting plugins due to page load.
2014-03-02 11:55:47.164 HelloWorld[27803:80b] Finished load of: file:///Users/rafael/Library/Application%20Support/iPhone%20Simulator/7.0.3/Applications/ACDE5C7F-0EBF-461E-960D-7E436F42044F/HelloWorld.app/www/index.html
2014-03-02 11:57:17.682 HelloWorld[28422:80b] Multi-tasking -> Device: YES, App: YES
2014-03-02 11:57:17.694 HelloWorld[28422:80b] Unlimited access to network resources
2014-03-02 11:57:17.979 HelloWorld[28422:80b] Resetting plugins due to page load.
2014-03-02 11:57:18.236 HelloWorld[28422:80b] Finished load of: file:///Users/rafael/Library/Application%20Support/iPhone%20Simulator/7.0.3/Applications/ACDE5C7F-0EBF-461E-960D-7E436F42044F/HelloWorld.app/www/index.html
2014-03-02 11:59:03.714 HelloWorld[29046:80b] Multi-tasking -> Device: YES, App: YES
2014-03-02 11:59:03.730 HelloWorld[29046:80b] Unlimited access to network resources
2014-03-02 11:59:03.999 HelloWorld[29046:80b] Resetting plugins due to page load.
2014-03-02 11:59:04.302 HelloWorld[29046:80b] Finished load of: file:///Users/rafael/Library/Application%20Support/iPhone%20Simulator/7.0.3/Applications/ACDE5C7F-0EBF-461E-960D-7E436F42044F/HelloWorld.app/www/index.html
2014-03-02 12:08:33.839 HelloWorld[30112:80b] Multi-tasking -> Device: YES, App: YES
2014-03-02 12:08:33.852 HelloWorld[30112:80b] Unlimited access to network resources
2014-03-02 12:08:34.073 HelloWorld[30112:80b] Resetting plugins due to page load.
2014-03-02 12:08:34.272 HelloWorld[30112:80b] Finished load of: file:///Users/rafael/Library/Application%20Support/iPhone%20Simulator/7.0.3/Applications/ACDE5C7F-0EBF-461E-960D-7E436F42044F/HelloWorld.app/www/index.html
2014-03-02 12:12:42.596 HelloWorld[30779:80b] Multi-tasking -> Device: YES, App: YES
2014-03-02 12:12:42.622 HelloWorld[30779:80b] Unlimited access to network resources
2014-03-02 12:12:43.060 HelloWorld[30779:80b] Resetting plugins due to page load.
2014-03-02 12:12:43.272 HelloWorld[30779:80b] Finished load of: file:///Users/rafael/Library/Application%20Support/iPhone%20Simulator/7.0.3/Applications/ACDE5C7F-0EBF-461E-960D-7E436F42044F/HelloWorld.app/www/index.html
2014-03-02 12:13:46.683 HelloWorld[31394:80b] Multi-tasking -> Device: YES, App: YES
2014-03-02 12:13:46.719 HelloWorld[31394:80b] Unlimited access to network resources
2014-03-02 12:13:47.177 HelloWorld[31394:80b] Resetting plugins due to page load.
2014-03-02 12:13:47.376 HelloWorld[31394:80b] Finished load of: file:///Users/rafael/Library/Application%20Support/iPhone%20Simulator/7.0.3/Applications/ACDE5C7F-0EBF-461E-960D-7E436F42044F/HelloWorld.app/www/index.html
2014-03-02 12:14:52.117 HelloWorld[32009:80b] Multi-tasking -> Device: YES, App: YES
2014-03-02 12:14:52.136 HelloWorld[32009:80b] Unlimited access to network resources
2014-03-02 12:14:52.640 HelloWorld[32009:80b] Resetting plugins due to page load.
2014-03-02 12:14:52.879 HelloWorld[32009:80b] Finished load of: file:///Users/rafael/Library/Application%20Support/iPhone%20Simulator/7.0.3/Applications/ACDE5C7F-0EBF-461E-960D-7E436F42044F/HelloWorld.app/www/index.html
